<?xml version="1.0" encoding="UTF-8"?>
<testng-results skipped="0" failed="0" ignored="0" total="2" passed="2">
  <reporter-output>
  </reporter-output>
  <suite name="Default suite" duration-ms="59640" started-at="2017-08-12T06:43:51Z" finished-at="2017-08-12T06:44:50Z">
    <groups>
    </groups>
    <test name="Default test" duration-ms="59640" started-at="2017-08-12T06:43:51Z" finished-at="2017-08-12T06:44:50Z">
      <class name="com.itelearn.dataProviders.dataSets">
        <test-method status="PASS" signature="settingBrowserProperties()[pri:0, instance:com.itelearn.dataProviders.dataSets@4cb2c100]" name="settingBrowserProperties" is-config="true" duration-ms="246" started-at="2017-08-11T23:43:51Z" finished-at="2017-08-11T23:43:51Z">
          <reporter-output>
          </reporter-output>
        </test-method> <!-- settingBrowserProperties -->
        <test-method status="PASS" signature="initialization()[pri:0, instance:com.itelearn.dataProviders.dataSets@4cb2c100]" name="initialization" is-config="true" duration-ms="20" started-at="2017-08-11T23:43:51Z" finished-at="2017-08-11T23:43:51Z">
          <reporter-output>
          </reporter-output>
        </test-method> <!-- initialization -->
        <test-method status="PASS" signature="loginDataSet(java.lang.String, java.lang.String)[pri:0, instance:com.itelearn.dataProviders.dataSets@4cb2c100]" name="loginDataSet" duration-ms="31458" started-at="2017-08-11T23:43:51Z" data-provider="logindata" finished-at="2017-08-11T23:44:22Z">
          <params>
            <param index="0">
              <value>
                <![CDATA[xyv]]>
              </value>
            </param>
            <param index="1">
              <value>
                <![CDATA[456]]>
              </value>
            </param>
          </params>
          <reporter-output>
          </reporter-output>
        </test-method> <!-- loginDataSet -->
        <test-method status="PASS" signature="loginDataSet(java.lang.String, java.lang.String)[pri:0, instance:com.itelearn.dataProviders.dataSets@4cb2c100]" name="loginDataSet" duration-ms="24324" started-at="2017-08-11T23:44:25Z" data-provider="logindata" finished-at="2017-08-11T23:44:49Z">
          <params>
            <param index="0">
              <value>
                <![CDATA[abc]]>
              </value>
            </param>
            <param index="1">
              <value>
                <![CDATA[123]]>
              </value>
            </param>
          </params>
          <reporter-output>
          </reporter-output>
        </test-method> <!-- loginDataSet -->
        <test-method status="PASS" signature="initialization()[pri:0, instance:com.itelearn.dataProviders.dataSets@4cb2c100]" name="initialization" is-config="true" duration-ms="0" started-at="2017-08-11T23:44:25Z" finished-at="2017-08-11T23:44:25Z">
          <reporter-output>
          </reporter-output>
        </test-method> <!-- initialization -->
      </class> <!-- com.itelearn.dataProviders.dataSets -->
    </test> <!-- Default test -->
  </suite> <!-- Default suite -->
</testng-results>
